2021-05-10 15:45:15.074 INFO [           main] [c.h.k.a.KukuApiApplicationKt] logStarting (55): Starting KukuApiApplicationKt on ip-192-168-3-105.ap-northeast-2.compute.internal with PID 15591 (/Users/luke/worksapce/kuku/kuku-api/build/classes/kotlin/main started by luke in /Users/luke/worksapce/kuku)
2021-05-10 15:45:15.077 INFO [           main] [c.h.k.a.KukuApiApplicationKt] logStartupProfileInfo (655): The following profiles are active: develop
2021-05-10 15:45:15.110 WARN [kground-preinit] [o.s.h.c.j.Jackson2ObjectMapperBuilder] warn (127): For Jackson Kotlin classes support please add "com.fasterxml.jackson.module:jackson-module-kotlin" to the classpath
2021-05-10 15:45:15.599 INFO [           main] [o.s.d.r.c.RepositoryConfigurationDelegate] registerRepositoriesIn (127): Bootstrapping Spring Data JPA repositories in DEFAULT mode.
2021-05-10 15:45:15.652 INFO [           main] [o.s.d.r.c.RepositoryConfigurationDelegate] registerRepositoriesIn (187): Finished Spring Data repository scanning in 43ms. Found 3 JPA repository interfaces.
2021-05-10 15:45:16.511 INFO [           main] [o.s.b.w.e.t.TomcatWebServer] initialize (108): Tomcat initialized with port(s): 5000 (http)
2021-05-10 15:45:16.519 INFO [           main] [o.a.c.h.Http11NioProtocol] log (173): Initializing ProtocolHandler ["http-nio-5000"]
2021-05-10 15:45:16.520 INFO [           main] [o.a.c.c.StandardService] log (173): Starting service [Tomcat]
2021-05-10 15:45:16.520 INFO [           main] [o.a.c.c.StandardEngine] log (173): Starting Servlet engine: [Apache Tomcat/9.0.38]
2021-05-10 15:45:16.619 INFO [           main] [o.a.c.c.C.[.[.[/]] log (173): Initializing Spring embedded WebApplicationContext
2021-05-10 15:45:16.620 INFO [           main] [o.s.b.w.s.c.ServletWebServerApplicationContext] prepareWebApplicationContext (285): Root WebApplicationContext: initialization completed in 1503 ms
2021-05-10 15:45:16.806 INFO [           main] [c.z.h.HikariDataSource] <init> (80): hanaPool - Starting...
2021-05-10 15:45:17.040 INFO [           main] [c.z.h.HikariDataSource] <init> (82): hanaPool - Start completed.
2021-05-10 15:45:17.140 INFO [           main] [o.h.Version] logVersion (44): HHH000412: Hibernate ORM core version 5.4.21.Final
2021-05-10 15:45:17.218 INFO [           main] [o.h.a.c.Version] <clinit> (49): HCANN000001: Hibernate Commons Annotations {5.1.0.Final}
2021-05-10 15:45:17.336 INFO [           main] [o.h.d.Dialect] <init> (170): HHH000400: Using dialect: org.hibernate.dialect.MySQL5InnoDBDialect
2021-05-10 15:45:17.744 INFO [           main] [o.h.e.t.j.p.i.JtaPlatformInitiator] initiateService (52): HHH000490: Using JtaPlatform implementation: [org.hibernate.engine.transaction.jta.platform.internal.NoJtaPlatform]
2021-05-10 15:45:17.752 INFO [           main] [o.s.o.j.LocalContainerEntityManagerFactoryBean] buildNativeEntityManagerFactory (416): Initialized JPA EntityManagerFactory for persistence unit 'kukuPersistenceUnit'
2021-05-10 15:45:18.665 INFO [           main] [s.d.s.w.PropertySourcedRequestMappingHandlerMapping] initHandlerMethods (69): Mapped URL path [/v2/api-docs] onto method [springfox.documentation.swagger2.web.Swagger2Controller#getDocumentation(String, HttpServletRequest)]
2021-05-10 15:45:18.882 INFO [           main] [o.s.s.c.ThreadPoolTaskExecutor] initialize (181): Initializing ExecutorService 'applicationTaskExecutor'
2021-05-10 15:45:19.003 INFO [           main] [o.a.c.h.Http11NioProtocol] log (173): Starting ProtocolHandler ["http-nio-5000"]
2021-05-10 15:45:19.024 INFO [           main] [o.s.b.w.e.t.TomcatWebServer] start (220): Tomcat started on port(s): 5000 (http) with context path ''
2021-05-10 15:45:19.025 INFO [           main] [s.d.s.w.p.DocumentationPluginsBootstrapper] start (160): Context refreshed
2021-05-10 15:45:19.034 INFO [           main] [s.d.s.w.p.DocumentationPluginsBootstrapper] start (163): Found 1 custom documentation plugin(s)
2021-05-10 15:45:19.070 INFO [           main] [s.d.s.w.s.ApiListingReferenceScanner] scan (41): Scanning for api listing references
2021-05-10 15:45:19.137 INFO [           main] [s.d.s.w.r.o.CachingOperationNameGenerator] startingWith (40): Generating unique operation named: addAccountUsingPOST_1
2021-05-10 15:45:19.140 INFO [           main] [s.d.s.w.r.o.CachingOperationNameGenerator] startingWith (40): Generating unique operation named: addContractByOwnerUsingPOST_1
2021-05-10 15:45:19.142 INFO [           main] [s.d.s.w.r.o.CachingOperationNameGenerator] startingWith (40): Generating unique operation named: getAccountUsingGET_1
2021-05-10 15:45:19.144 INFO [           main] [s.d.s.w.r.o.CachingOperationNameGenerator] startingWith (40): Generating unique operation named: getContractInfoUsingGET_1
2021-05-10 15:45:19.146 INFO [           main] [s.d.s.w.r.o.CachingOperationNameGenerator] startingWith (40): Generating unique operation named: testUsingGET_1
2021-05-10 15:45:19.171 INFO [           main] [c.h.k.a.KukuApiApplicationKt] logStarted (61): Started KukuApiApplicationKt in 4.446 seconds (JVM running for 4.879)
2021-05-10 15:45:19.174 INFO [           main] [c.h.k.a.KukuApiApplication] onApplicationEvent (36): kuku-api applicationReady, profiles = [develop]
2021-05-10 15:45:28.578 INFO [nio-5000-exec-2] [o.a.c.c.C.[.[.[/]] log (173): Initializing Spring DispatcherServlet 'dispatcherServlet'
2021-05-10 15:45:28.579 INFO [nio-5000-exec-2] [o.s.w.s.DispatcherServlet] initServletBean (525): Initializing Servlet 'dispatcherServlet'
2021-05-10 15:45:28.583 INFO [nio-5000-exec-2] [o.s.w.s.DispatcherServlet] initServletBean (547): Completed initialization in 4 ms
2021-05-10 17:24:41.919 INFO [           main] [c.h.k.a.KukuApiApplicationKt] logStarting (55): Starting KukuApiApplicationKt on ip-192-168-3-105.ap-northeast-2.compute.internal with PID 16059 (/Users/luke/worksapce/kuku/kuku-api/build/classes/kotlin/main started by luke in /Users/luke/worksapce/kuku)
2021-05-10 17:24:41.919 INFO [           main] [c.h.k.a.KukuApiApplicationKt] logStartupProfileInfo (655): The following profiles are active: develop
2021-05-10 17:24:41.956 WARN [kground-preinit] [o.s.h.c.j.Jackson2ObjectMapperBuilder] warn (127): For Jackson Kotlin classes support please add "com.fasterxml.jackson.module:jackson-module-kotlin" to the classpath
2021-05-10 17:24:42.457 INFO [           main] [o.s.d.r.c.RepositoryConfigurationDelegate] registerRepositoriesIn (127): Bootstrapping Spring Data JPA repositories in DEFAULT mode.
2021-05-10 17:24:42.508 INFO [           main] [o.s.d.r.c.RepositoryConfigurationDelegate] registerRepositoriesIn (187): Finished Spring Data repository scanning in 42ms. Found 3 JPA repository interfaces.
2021-05-10 17:24:43.230 INFO [           main] [o.s.b.w.e.t.TomcatWebServer] initialize (108): Tomcat initialized with port(s): 5000 (http)
2021-05-10 17:24:43.237 INFO [           main] [o.a.c.h.Http11NioProtocol] log (173): Initializing ProtocolHandler ["http-nio-5000"]
2021-05-10 17:24:43.238 INFO [           main] [o.a.c.c.StandardService] log (173): Starting service [Tomcat]
2021-05-10 17:24:43.238 INFO [           main] [o.a.c.c.StandardEngine] log (173): Starting Servlet engine: [Apache Tomcat/9.0.38]
2021-05-10 17:24:43.343 INFO [           main] [o.a.c.c.C.[.[.[/]] log (173): Initializing Spring embedded WebApplicationContext
2021-05-10 17:24:43.343 INFO [           main] [o.s.b.w.s.c.ServletWebServerApplicationContext] prepareWebApplicationContext (285): Root WebApplicationContext: initialization completed in 1379 ms
2021-05-10 17:24:43.430 INFO [           main] [c.z.h.HikariDataSource] <init> (80): hanaPool - Starting...
2021-05-10 17:24:43.705 INFO [           main] [c.z.h.HikariDataSource] <init> (82): hanaPool - Start completed.
2021-05-10 17:24:43.846 INFO [           main] [o.h.Version] logVersion (44): HHH000412: Hibernate ORM core version 5.4.21.Final
2021-05-10 17:24:43.959 INFO [           main] [o.h.a.c.Version] <clinit> (49): HCANN000001: Hibernate Commons Annotations {5.1.0.Final}
2021-05-10 17:24:44.106 INFO [           main] [o.h.d.Dialect] <init> (170): HHH000400: Using dialect: org.hibernate.dialect.MySQL5InnoDBDialect
2021-05-10 17:24:44.447 INFO [           main] [o.h.e.t.j.p.i.JtaPlatformInitiator] initiateService (52): HHH000490: Using JtaPlatform implementation: [org.hibernate.engine.transaction.jta.platform.internal.NoJtaPlatform]
2021-05-10 17:24:44.454 INFO [           main] [o.s.o.j.LocalContainerEntityManagerFactoryBean] buildNativeEntityManagerFactory (416): Initialized JPA EntityManagerFactory for persistence unit 'kukuPersistenceUnit'
2021-05-10 17:24:45.469 INFO [           main] [s.d.s.w.PropertySourcedRequestMappingHandlerMapping] initHandlerMethods (69): Mapped URL path [/v2/api-docs] onto method [springfox.documentation.swagger2.web.Swagger2Controller#getDocumentation(String, HttpServletRequest)]
2021-05-10 17:24:45.571 INFO [           main] [o.s.s.c.ThreadPoolTaskExecutor] initialize (181): Initializing ExecutorService 'applicationTaskExecutor'
2021-05-10 17:24:45.749 INFO [           main] [o.a.c.h.Http11NioProtocol] log (173): Starting ProtocolHandler ["http-nio-5000"]
2021-05-10 17:24:45.786 INFO [           main] [o.s.b.w.e.t.TomcatWebServer] start (220): Tomcat started on port(s): 5000 (http) with context path ''
2021-05-10 17:24:45.788 INFO [           main] [s.d.s.w.p.DocumentationPluginsBootstrapper] start (160): Context refreshed
2021-05-10 17:24:45.806 INFO [           main] [s.d.s.w.p.DocumentationPluginsBootstrapper] start (163): Found 1 custom documentation plugin(s)
2021-05-10 17:24:45.855 INFO [           main] [s.d.s.w.s.ApiListingReferenceScanner] scan (41): Scanning for api listing references
2021-05-10 17:24:45.930 INFO [           main] [s.d.s.w.r.o.CachingOperationNameGenerator] startingWith (40): Generating unique operation named: addAccountUsingPOST_1
2021-05-10 17:24:45.933 INFO [           main] [s.d.s.w.r.o.CachingOperationNameGenerator] startingWith (40): Generating unique operation named: addContractByOwnerUsingPOST_1
2021-05-10 17:24:45.935 INFO [           main] [s.d.s.w.r.o.CachingOperationNameGenerator] startingWith (40): Generating unique operation named: getAccountUsingGET_1
2021-05-10 17:24:45.938 INFO [           main] [s.d.s.w.r.o.CachingOperationNameGenerator] startingWith (40): Generating unique operation named: getContractInfoUsingGET_1
2021-05-10 17:24:45.940 INFO [           main] [s.d.s.w.r.o.CachingOperationNameGenerator] startingWith (40): Generating unique operation named: testUsingGET_1
2021-05-10 17:24:45.964 INFO [           main] [c.h.k.a.KukuApiApplicationKt] logStarted (61): Started KukuApiApplicationKt in 4.433 seconds (JVM running for 4.925)
2021-05-10 17:24:45.967 INFO [           main] [c.h.k.a.KukuApiApplication] onApplicationEvent (36): kuku-api applicationReady, profiles = [develop]
2021-05-10 17:25:24.845 INFO [nio-5000-exec-1] [o.a.c.c.C.[.[.[/]] log (173): Initializing Spring DispatcherServlet 'dispatcherServlet'
2021-05-10 17:25:24.845 INFO [nio-5000-exec-1] [o.s.w.s.DispatcherServlet] initServletBean (525): Initializing Servlet 'dispatcherServlet'
2021-05-10 17:25:24.851 INFO [nio-5000-exec-1] [o.s.w.s.DispatcherServlet] initServletBean (547): Completed initialization in 6 ms
2021-05-10 18:00:59.736 INFO [           main] [c.h.k.a.KukuApiApplicationKt] logStarting (55): Starting KukuApiApplicationKt on ip-192-168-3-105.ap-northeast-2.compute.internal with PID 16302 (/Users/luke/worksapce/kuku/kuku-api/build/classes/kotlin/main started by luke in /Users/luke/worksapce/kuku)
2021-05-10 18:00:59.737 INFO [           main] [c.h.k.a.KukuApiApplicationKt] logStartupProfileInfo (655): The following profiles are active: develop
2021-05-10 18:00:59.773 WARN [kground-preinit] [o.s.h.c.j.Jackson2ObjectMapperBuilder] warn (127): For Jackson Kotlin classes support please add "com.fasterxml.jackson.module:jackson-module-kotlin" to the classpath
2021-05-10 18:01:00.221 INFO [           main] [o.s.d.r.c.RepositoryConfigurationDelegate] registerRepositoriesIn (127): Bootstrapping Spring Data JPA repositories in DEFAULT mode.
2021-05-10 18:01:00.264 INFO [           main] [o.s.d.r.c.RepositoryConfigurationDelegate] registerRepositoriesIn (187): Finished Spring Data repository scanning in 35ms. Found 3 JPA repository interfaces.
2021-05-10 18:01:01.009 INFO [           main] [o.s.b.w.e.t.TomcatWebServer] initialize (108): Tomcat initialized with port(s): 5000 (http)
2021-05-10 18:01:01.017 INFO [           main] [o.a.c.h.Http11NioProtocol] log (173): Initializing ProtocolHandler ["http-nio-5000"]
2021-05-10 18:01:01.017 INFO [           main] [o.a.c.c.StandardService] log (173): Starting service [Tomcat]
2021-05-10 18:01:01.017 INFO [           main] [o.a.c.c.StandardEngine] log (173): Starting Servlet engine: [Apache Tomcat/9.0.38]
2021-05-10 18:01:01.135 INFO [           main] [o.a.c.c.C.[.[.[/]] log (173): Initializing Spring embedded WebApplicationContext
2021-05-10 18:01:01.136 INFO [           main] [o.s.b.w.s.c.ServletWebServerApplicationContext] prepareWebApplicationContext (285): Root WebApplicationContext: initialization completed in 1360 ms
2021-05-10 18:01:01.238 INFO [           main] [c.z.h.HikariDataSource] <init> (80): hanaPool - Starting...
2021-05-10 18:01:01.453 INFO [           main] [c.z.h.HikariDataSource] <init> (82): hanaPool - Start completed.
2021-05-10 18:01:01.556 INFO [           main] [o.h.Version] logVersion (44): HHH000412: Hibernate ORM core version 5.4.21.Final
2021-05-10 18:01:01.634 INFO [           main] [o.h.a.c.Version] <clinit> (49): HCANN000001: Hibernate Commons Annotations {5.1.0.Final}
2021-05-10 18:01:01.746 INFO [           main] [o.h.d.Dialect] <init> (170): HHH000400: Using dialect: org.hibernate.dialect.MySQL5InnoDBDialect
2021-05-10 18:01:02.153 INFO [           main] [o.h.e.t.j.p.i.JtaPlatformInitiator] initiateService (52): HHH000490: Using JtaPlatform implementation: [org.hibernate.engine.transaction.jta.platform.internal.NoJtaPlatform]
2021-05-10 18:01:02.160 INFO [           main] [o.s.o.j.LocalContainerEntityManagerFactoryBean] buildNativeEntityManagerFactory (416): Initialized JPA EntityManagerFactory for persistence unit 'kukuPersistenceUnit'
2021-05-10 18:01:03.065 INFO [           main] [s.d.s.w.PropertySourcedRequestMappingHandlerMapping] initHandlerMethods (69): Mapped URL path [/v2/api-docs] onto method [springfox.documentation.swagger2.web.Swagger2Controller#getDocumentation(String, HttpServletRequest)]
2021-05-10 18:01:03.136 INFO [           main] [o.s.s.c.ThreadPoolTaskExecutor] initialize (181): Initializing ExecutorService 'applicationTaskExecutor'
2021-05-10 18:01:03.248 INFO [           main] [o.a.c.h.Http11NioProtocol] log (173): Starting ProtocolHandler ["http-nio-5000"]
2021-05-10 18:01:03.267 INFO [           main] [o.s.b.w.e.t.TomcatWebServer] start (220): Tomcat started on port(s): 5000 (http) with context path ''
2021-05-10 18:01:03.267 INFO [           main] [s.d.s.w.p.DocumentationPluginsBootstrapper] start (160): Context refreshed
2021-05-10 18:01:03.276 INFO [           main] [s.d.s.w.p.DocumentationPluginsBootstrapper] start (163): Found 1 custom documentation plugin(s)
2021-05-10 18:01:03.307 INFO [           main] [s.d.s.w.s.ApiListingReferenceScanner] scan (41): Scanning for api listing references
2021-05-10 18:01:03.362 INFO [           main] [s.d.s.w.r.o.CachingOperationNameGenerator] startingWith (40): Generating unique operation named: addAccountUsingPOST_1
2021-05-10 18:01:03.364 INFO [           main] [s.d.s.w.r.o.CachingOperationNameGenerator] startingWith (40): Generating unique operation named: addContractByOwnerUsingPOST_1
2021-05-10 18:01:03.366 INFO [           main] [s.d.s.w.r.o.CachingOperationNameGenerator] startingWith (40): Generating unique operation named: getAccountUsingGET_1
2021-05-10 18:01:03.367 INFO [           main] [s.d.s.w.r.o.CachingOperationNameGenerator] startingWith (40): Generating unique operation named: getContractInfoUsingGET_1
2021-05-10 18:01:03.369 INFO [           main] [s.d.s.w.r.o.CachingOperationNameGenerator] startingWith (40): Generating unique operation named: testUsingGET_1
2021-05-10 18:01:03.386 INFO [           main] [c.h.k.a.KukuApiApplicationKt] logStarted (61): Started KukuApiApplicationKt in 4.008 seconds (JVM running for 4.432)
2021-05-10 18:01:03.388 INFO [           main] [c.h.k.a.KukuApiApplication] onApplicationEvent (36): kuku-api applicationReady, profiles = [develop]
2021-05-10 18:01:29.511 INFO [nio-5000-exec-1] [o.a.c.c.C.[.[.[/]] log (173): Initializing Spring DispatcherServlet 'dispatcherServlet'
2021-05-10 18:01:29.511 INFO [nio-5000-exec-1] [o.s.w.s.DispatcherServlet] initServletBean (525): Initializing Servlet 'dispatcherServlet'
2021-05-10 18:01:29.516 INFO [nio-5000-exec-1] [o.s.w.s.DispatcherServlet] initServletBean (547): Completed initialization in 5 ms
2021-05-10 18:01:52.164 ERROR [nio-5000-exec-7] [c.h.k.a.a.GlobalExceptionHandler] handleException (29): KukuException
java.lang.IndexOutOfBoundsException: Index: 0
	at java.util.Collections$EmptyList.get(Collections.java:4456)
	at com.hanaset.kuku.api.service.kalytn.KlaytnContractService.getMining(KlaytnContractService.kt:123)
	at com.hanaset.kuku.api.rest.KlaytnController.test(KlaytnController.kt:59)
	at sun.reflect.NativeMethodAccessorImpl.invoke0(Native Method)
	at sun.reflect.NativeMethodAccessorImpl.invoke(NativeMethodAccessorImpl.java:62)
	at sun.reflect.DelegatingMethodAccessorImpl.invoke(DelegatingMethodAccessorImpl.java:43)
	at java.lang.reflect.Method.invoke(Method.java:498)
	at org.springframework.web.method.support.InvocableHandlerMethod.doInvoke(InvocableHandlerMethod.java:190)
	at org.springframework.web.method.support.InvocableHandlerMethod.invokeForRequest(InvocableHandlerMethod.java:138)
	at org.springframework.web.servlet.mvc.method.annotation.ServletInvocableHandlerMethod.invokeAndHandle(ServletInvocableHandlerMethod.java:105)
	at org.springframework.web.servlet.mvc.method.annotation.RequestMappingHandlerAdapter.invokeHandlerMethod(RequestMappingHandlerAdapter.java:878)
	at org.springframework.web.servlet.mvc.method.annotation.RequestMappingHandlerAdapter.handleInternal(RequestMappingHandlerAdapter.java:792)
	at org.springframework.web.servlet.mvc.method.AbstractHandlerMethodAdapter.handle(AbstractHandlerMethodAdapter.java:87)
	at org.springframework.web.servlet.DispatcherServlet.doDispatch(DispatcherServlet.java:1040)
	at org.springframework.web.servlet.DispatcherServlet.doService(DispatcherServlet.java:943)
	at org.springframework.web.servlet.FrameworkServlet.processRequest(FrameworkServlet.java:1006)
	at org.springframework.web.servlet.FrameworkServlet.doGet(FrameworkServlet.java:898)
	at javax.servlet.http.HttpServlet.service(HttpServlet.java:626)
	at org.springframework.web.servlet.FrameworkServlet.service(FrameworkServlet.java:883)
	at javax.servlet.http.HttpServlet.service(HttpServlet.java:733)
	at org.apache.catalina.core.ApplicationFilterChain.internalDoFilter(ApplicationFilterChain.java:231)
	at org.apache.catalina.core.ApplicationFilterChain.doFilter(ApplicationFilterChain.java:166)
	at org.apache.tomcat.websocket.server.WsFilter.doFilter(WsFilter.java:53)
	at org.apache.catalina.core.ApplicationFilterChain.internalDoFilter(ApplicationFilterChain.java:193)
	at org.apache.catalina.core.ApplicationFilterChain.doFilter(ApplicationFilterChain.java:166)
	at org.springframework.web.filter.RequestContextFilter.doFilterInternal(RequestContextFilter.java:100)
	at org.springframework.web.filter.OncePerRequestFilter.doFilter(OncePerRequestFilter.java:119)
	at org.apache.catalina.core.ApplicationFilterChain.internalDoFilter(ApplicationFilterChain.java:193)
	at org.apache.catalina.core.ApplicationFilterChain.doFilter(ApplicationFilterChain.java:166)
	at org.springframework.web.filter.FormContentFilter.doFilterInternal(FormContentFilter.java:93)
	at org.springframework.web.filter.OncePerRequestFilter.doFilter(OncePerRequestFilter.java:119)
	at org.apache.catalina.core.ApplicationFilterChain.internalDoFilter(ApplicationFilterChain.java:193)
	at org.apache.catalina.core.ApplicationFilterChain.doFilter(ApplicationFilterChain.java:166)
	at org.springframework.web.filter.CharacterEncodingFilter.doFilterInternal(CharacterEncodingFilter.java:201)
	at org.springframework.web.filter.OncePerRequestFilter.doFilter(OncePerRequestFilter.java:119)
	at org.apache.catalina.core.ApplicationFilterChain.internalDoFilter(ApplicationFilterChain.java:193)
	at org.apache.catalina.core.ApplicationFilterChain.doFilter(ApplicationFilterChain.java:166)
	at org.apache.catalina.core.StandardWrapperValve.invoke(StandardWrapperValve.java:202)
	at org.apache.catalina.core.StandardContextValve.invoke(StandardContextValve.java:97)
	at org.apache.catalina.authenticator.AuthenticatorBase.invoke(AuthenticatorBase.java:541)
	at org.apache.catalina.core.StandardHostValve.invoke(StandardHostValve.java:143)
	at org.apache.catalina.valves.ErrorReportValve.invoke(ErrorReportValve.java:92)
	at org.apache.catalina.core.StandardEngineValve.invoke(StandardEngineValve.java:78)
	at org.apache.catalina.connector.CoyoteAdapter.service(CoyoteAdapter.java:343)
	at org.apache.coyote.http11.Http11Processor.service(Http11Processor.java:374)
	at org.apache.coyote.AbstractProcessorLight.process(AbstractProcessorLight.java:65)
	at org.apache.coyote.AbstractProtocol$ConnectionHandler.process(AbstractProtocol.java:868)
	at org.apache.tomcat.util.net.NioEndpoint$SocketProcessor.doRun(NioEndpoint.java:1590)
	at org.apache.tomcat.util.net.SocketProcessorBase.run(SocketProcessorBase.java:49)
	at java.util.concurrent.ThreadPoolExecutor.runWorker(ThreadPoolExecutor.java:1149)
	at java.util.concurrent.ThreadPoolExecutor$Worker.run(ThreadPoolExecutor.java:624)
	at org.apache.tomcat.util.threads.TaskThread$WrappingRunnable.run(TaskThread.java:61)
	at java.lang.Thread.run(Thread.java:748)
2021-05-10 18:04:26.614 INFO [           main] [c.h.k.a.KukuApiApplicationKt] logStarting (55): Starting KukuApiApplicationKt on ip-192-168-3-105.ap-northeast-2.compute.internal with PID 16342 (/Users/luke/worksapce/kuku/kuku-api/build/classes/kotlin/main started by luke in /Users/luke/worksapce/kuku)
2021-05-10 18:04:26.615 INFO [           main] [c.h.k.a.KukuApiApplicationKt] logStartupProfileInfo (655): The following profiles are active: develop
2021-05-10 18:04:26.649 WARN [kground-preinit] [o.s.h.c.j.Jackson2ObjectMapperBuilder] warn (127): For Jackson Kotlin classes support please add "com.fasterxml.jackson.module:jackson-module-kotlin" to the classpath
2021-05-10 18:04:27.107 INFO [           main] [o.s.d.r.c.RepositoryConfigurationDelegate] registerRepositoriesIn (127): Bootstrapping Spring Data JPA repositories in DEFAULT mode.
2021-05-10 18:04:27.177 INFO [           main] [o.s.d.r.c.RepositoryConfigurationDelegate] registerRepositoriesIn (187): Finished Spring Data repository scanning in 42ms. Found 3 JPA repository interfaces.
2021-05-10 18:04:27.847 INFO [           main] [o.s.b.w.e.t.TomcatWebServer] initialize (108): Tomcat initialized with port(s): 5000 (http)
2021-05-10 18:04:27.853 INFO [           main] [o.a.c.h.Http11NioProtocol] log (173): Initializing ProtocolHandler ["http-nio-5000"]
2021-05-10 18:04:27.854 INFO [           main] [o.a.c.c.StandardService] log (173): Starting service [Tomcat]
2021-05-10 18:04:27.854 INFO [           main] [o.a.c.c.StandardEngine] log (173): Starting Servlet engine: [Apache Tomcat/9.0.38]
2021-05-10 18:04:27.957 INFO [           main] [o.a.c.c.C.[.[.[/]] log (173): Initializing Spring embedded WebApplicationContext
2021-05-10 18:04:27.957 INFO [           main] [o.s.b.w.s.c.ServletWebServerApplicationContext] prepareWebApplicationContext (285): Root WebApplicationContext: initialization completed in 1303 ms
2021-05-10 18:04:28.041 INFO [           main] [c.z.h.HikariDataSource] <init> (80): hanaPool - Starting...
2021-05-10 18:04:28.287 INFO [           main] [c.z.h.HikariDataSource] <init> (82): hanaPool - Start completed.
2021-05-10 18:04:28.416 INFO [           main] [o.h.Version] logVersion (44): HHH000412: Hibernate ORM core version 5.4.21.Final
2021-05-10 18:04:28.513 INFO [           main] [o.h.a.c.Version] <clinit> (49): HCANN000001: Hibernate Commons Annotations {5.1.0.Final}
2021-05-10 18:04:28.644 INFO [           main] [o.h.d.Dialect] <init> (170): HHH000400: Using dialect: org.hibernate.dialect.MySQL5InnoDBDialect
2021-05-10 18:04:28.957 INFO [           main] [o.h.e.t.j.p.i.JtaPlatformInitiator] initiateService (52): HHH000490: Using JtaPlatform implementation: [org.hibernate.engine.transaction.jta.platform.internal.NoJtaPlatform]
2021-05-10 18:04:28.962 INFO [           main] [o.s.o.j.LocalContainerEntityManagerFactoryBean] buildNativeEntityManagerFactory (416): Initialized JPA EntityManagerFactory for persistence unit 'kukuPersistenceUnit'
2021-05-10 18:04:29.830 INFO [           main] [s.d.s.w.PropertySourcedRequestMappingHandlerMapping] initHandlerMethods (69): Mapped URL path [/v2/api-docs] onto method [springfox.documentation.swagger2.web.Swagger2Controller#getDocumentation(String, HttpServletRequest)]
2021-05-10 18:04:29.913 INFO [           main] [o.s.s.c.ThreadPoolTaskExecutor] initialize (181): Initializing ExecutorService 'applicationTaskExecutor'
2021-05-10 18:04:30.033 INFO [           main] [o.a.c.h.Http11NioProtocol] log (173): Starting ProtocolHandler ["http-nio-5000"]
2021-05-10 18:04:30.055 INFO [           main] [o.s.b.w.e.t.TomcatWebServer] start (220): Tomcat started on port(s): 5000 (http) with context path ''
2021-05-10 18:04:30.056 INFO [           main] [s.d.s.w.p.DocumentationPluginsBootstrapper] start (160): Context refreshed
2021-05-10 18:04:30.064 INFO [           main] [s.d.s.w.p.DocumentationPluginsBootstrapper] start (163): Found 1 custom documentation plugin(s)
2021-05-10 18:04:30.100 INFO [           main] [s.d.s.w.s.ApiListingReferenceScanner] scan (41): Scanning for api listing references
2021-05-10 18:04:30.159 INFO [           main] [s.d.s.w.r.o.CachingOperationNameGenerator] startingWith (40): Generating unique operation named: addAccountUsingPOST_1
2021-05-10 18:04:30.161 INFO [           main] [s.d.s.w.r.o.CachingOperationNameGenerator] startingWith (40): Generating unique operation named: addContractByOwnerUsingPOST_1
2021-05-10 18:04:30.163 INFO [           main] [s.d.s.w.r.o.CachingOperationNameGenerator] startingWith (40): Generating unique operation named: getAccountUsingGET_1
2021-05-10 18:04:30.165 INFO [           main] [s.d.s.w.r.o.CachingOperationNameGenerator] startingWith (40): Generating unique operation named: getContractInfoUsingGET_1
2021-05-10 18:04:30.167 INFO [           main] [s.d.s.w.r.o.CachingOperationNameGenerator] startingWith (40): Generating unique operation named: testUsingGET_1
2021-05-10 18:04:30.186 INFO [           main] [c.h.k.a.KukuApiApplicationKt] logStarted (61): Started KukuApiApplicationKt in 3.933 seconds (JVM running for 4.376)
2021-05-10 18:04:30.188 INFO [           main] [c.h.k.a.KukuApiApplication] onApplicationEvent (36): kuku-api applicationReady, profiles = [develop]
2021-05-10 18:04:56.426 INFO [           main] [c.h.k.a.KukuApiApplicationKt] logStarting (55): Starting KukuApiApplicationKt on ip-192-168-3-105.ap-northeast-2.compute.internal with PID 16357 (/Users/luke/worksapce/kuku/kuku-api/build/classes/kotlin/main started by luke in /Users/luke/worksapce/kuku)
2021-05-10 18:04:56.427 INFO [           main] [c.h.k.a.KukuApiApplicationKt] logStartupProfileInfo (655): The following profiles are active: develop
2021-05-10 18:04:56.467 WARN [kground-preinit] [o.s.h.c.j.Jackson2ObjectMapperBuilder] warn (127): For Jackson Kotlin classes support please add "com.fasterxml.jackson.module:jackson-module-kotlin" to the classpath
2021-05-10 18:04:57.054 INFO [           main] [o.s.d.r.c.RepositoryConfigurationDelegate] registerRepositoriesIn (127): Bootstrapping Spring Data JPA repositories in DEFAULT mode.
2021-05-10 18:04:57.115 INFO [           main] [o.s.d.r.c.RepositoryConfigurationDelegate] registerRepositoriesIn (187): Finished Spring Data repository scanning in 51ms. Found 3 JPA repository interfaces.
2021-05-10 18:04:58.056 INFO [           main] [o.s.b.w.e.t.TomcatWebServer] initialize (108): Tomcat initialized with port(s): 5000 (http)
2021-05-10 18:04:58.063 INFO [           main] [o.a.c.h.Http11NioProtocol] log (173): Initializing ProtocolHandler ["http-nio-5000"]
2021-05-10 18:04:58.064 INFO [           main] [o.a.c.c.StandardService] log (173): Starting service [Tomcat]
2021-05-10 18:04:58.064 INFO [           main] [o.a.c.c.StandardEngine] log (173): Starting Servlet engine: [Apache Tomcat/9.0.38]
2021-05-10 18:04:58.173 INFO [           main] [o.a.c.c.C.[.[.[/]] log (173): Initializing Spring embedded WebApplicationContext
2021-05-10 18:04:58.174 INFO [           main] [o.s.b.w.s.c.ServletWebServerApplicationContext] prepareWebApplicationContext (285): Root WebApplicationContext: initialization completed in 1699 ms
2021-05-10 18:04:58.265 INFO [           main] [c.z.h.HikariDataSource] <init> (80): hanaPool - Starting...
2021-05-10 18:04:58.495 INFO [           main] [c.z.h.HikariDataSource] <init> (82): hanaPool - Start completed.
2021-05-10 18:04:58.652 INFO [           main] [o.h.Version] logVersion (44): HHH000412: Hibernate ORM core version 5.4.21.Final
2021-05-10 18:04:58.778 INFO [           main] [o.h.a.c.Version] <clinit> (49): HCANN000001: Hibernate Commons Annotations {5.1.0.Final}
2021-05-10 18:04:58.959 INFO [           main] [o.h.d.Dialect] <init> (170): HHH000400: Using dialect: org.hibernate.dialect.MySQL5InnoDBDialect
2021-05-10 18:04:59.331 INFO [           main] [o.h.e.t.j.p.i.JtaPlatformInitiator] initiateService (52): HHH000490: Using JtaPlatform implementation: [org.hibernate.engine.transaction.jta.platform.internal.NoJtaPlatform]
2021-05-10 18:04:59.338 INFO [           main] [o.s.o.j.LocalContainerEntityManagerFactoryBean] buildNativeEntityManagerFactory (416): Initialized JPA EntityManagerFactory for persistence unit 'kukuPersistenceUnit'
2021-05-10 18:05:00.249 INFO [           main] [s.d.s.w.PropertySourcedRequestMappingHandlerMapping] initHandlerMethods (69): Mapped URL path [/v2/api-docs] onto method [springfox.documentation.swagger2.web.Swagger2Controller#getDocumentation(String, HttpServletRequest)]
2021-05-10 18:05:00.332 INFO [           main] [o.s.s.c.ThreadPoolTaskExecutor] initialize (181): Initializing ExecutorService 'applicationTaskExecutor'
2021-05-10 18:05:00.459 INFO [           main] [o.a.c.h.Http11NioProtocol] log (173): Starting ProtocolHandler ["http-nio-5000"]
2021-05-10 18:05:00.482 INFO [           main] [o.s.b.w.e.t.TomcatWebServer] start (220): Tomcat started on port(s): 5000 (http) with context path ''
2021-05-10 18:05:00.483 INFO [           main] [s.d.s.w.p.DocumentationPluginsBootstrapper] start (160): Context refreshed
2021-05-10 18:05:00.492 INFO [           main] [s.d.s.w.p.DocumentationPluginsBootstrapper] start (163): Found 1 custom documentation plugin(s)
2021-05-10 18:05:00.525 INFO [           main] [s.d.s.w.s.ApiListingReferenceScanner] scan (41): Scanning for api listing references
2021-05-10 18:05:00.587 INFO [           main] [s.d.s.w.r.o.CachingOperationNameGenerator] startingWith (40): Generating unique operation named: addAccountUsingPOST_1
2021-05-10 18:05:00.589 INFO [           main] [s.d.s.w.r.o.CachingOperationNameGenerator] startingWith (40): Generating unique operation named: addContractByOwnerUsingPOST_1
2021-05-10 18:05:00.591 INFO [           main] [s.d.s.w.r.o.CachingOperationNameGenerator] startingWith (40): Generating unique operation named: getAccountUsingGET_1
2021-05-10 18:05:00.593 INFO [           main] [s.d.s.w.r.o.CachingOperationNameGenerator] startingWith (40): Generating unique operation named: getContractInfoUsingGET_1
2021-05-10 18:05:00.595 INFO [           main] [s.d.s.w.r.o.CachingOperationNameGenerator] startingWith (40): Generating unique operation named: testUsingGET_1
2021-05-10 18:05:00.612 INFO [           main] [c.h.k.a.KukuApiApplicationKt] logStarted (61): Started KukuApiApplicationKt in 4.683 seconds (JVM running for 5.473)
2021-05-10 18:05:00.614 INFO [           main] [c.h.k.a.KukuApiApplication] onApplicationEvent (36): kuku-api applicationReady, profiles = [develop]
2021-05-10 18:06:31.232 INFO [nio-5000-exec-1] [o.a.c.c.C.[.[.[/]] log (173): Initializing Spring DispatcherServlet 'dispatcherServlet'
2021-05-10 18:06:31.233 INFO [nio-5000-exec-1] [o.s.w.s.DispatcherServlet] initServletBean (525): Initializing Servlet 'dispatcherServlet'
2021-05-10 18:06:31.239 INFO [nio-5000-exec-1] [o.s.w.s.DispatcherServlet] initServletBean (547): Completed initialization in 6 ms
2021-05-10 18:11:42.495 ERROR [nio-5000-exec-9] [c.h.k.a.a.GlobalExceptionHandler] handleException (29): KukuException
java.lang.IndexOutOfBoundsException: Index: 0
	at java.util.Collections$EmptyList.get(Collections.java:4456)
	at com.hanaset.kuku.api.service.kalytn.KlaytnContractService.getMining(KlaytnContractService.kt:123)
	at com.hanaset.kuku.api.rest.KlaytnController.test(KlaytnController.kt:59)
	at sun.reflect.NativeMethodAccessorImpl.invoke0(Native Method)
	at sun.reflect.NativeMethodAccessorImpl.invoke(NativeMethodAccessorImpl.java:62)
	at sun.reflect.DelegatingMethodAccessorImpl.invoke(DelegatingMethodAccessorImpl.java:43)
	at java.lang.reflect.Method.invoke(Method.java:498)
	at org.springframework.web.method.support.InvocableHandlerMethod.doInvoke(InvocableHandlerMethod.java:190)
	at org.springframework.web.method.support.InvocableHandlerMethod.invokeForRequest(InvocableHandlerMethod.java:138)
	at org.springframework.web.servlet.mvc.method.annotation.ServletInvocableHandlerMethod.invokeAndHandle(ServletInvocableHandlerMethod.java:105)
	at org.springframework.web.servlet.mvc.method.annotation.RequestMappingHandlerAdapter.invokeHandlerMethod(RequestMappingHandlerAdapter.java:878)
	at org.springframework.web.servlet.mvc.method.annotation.RequestMappingHandlerAdapter.handleInternal(RequestMappingHandlerAdapter.java:792)
	at org.springframework.web.servlet.mvc.method.AbstractHandlerMethodAdapter.handle(AbstractHandlerMethodAdapter.java:87)
	at org.springframework.web.servlet.DispatcherServlet.doDispatch(DispatcherServlet.java:1040)
	at org.springframework.web.servlet.DispatcherServlet.doService(DispatcherServlet.java:943)
	at org.springframework.web.servlet.FrameworkServlet.processRequest(FrameworkServlet.java:1006)
	at org.springframework.web.servlet.FrameworkServlet.doGet(FrameworkServlet.java:898)
	at javax.servlet.http.HttpServlet.service(HttpServlet.java:626)
	at org.springframework.web.servlet.FrameworkServlet.service(FrameworkServlet.java:883)
	at javax.servlet.http.HttpServlet.service(HttpServlet.java:733)
	at org.apache.catalina.core.ApplicationFilterChain.internalDoFilter(ApplicationFilterChain.java:231)
	at org.apache.catalina.core.ApplicationFilterChain.doFilter(ApplicationFilterChain.java:166)
	at org.apache.tomcat.websocket.server.WsFilter.doFilter(WsFilter.java:53)
	at org.apache.catalina.core.ApplicationFilterChain.internalDoFilter(ApplicationFilterChain.java:193)
	at org.apache.catalina.core.ApplicationFilterChain.doFilter(ApplicationFilterChain.java:166)
	at org.springframework.web.filter.RequestContextFilter.doFilterInternal(RequestContextFilter.java:100)
	at org.springframework.web.filter.OncePerRequestFilter.doFilter(OncePerRequestFilter.java:119)
	at org.apache.catalina.core.ApplicationFilterChain.internalDoFilter(ApplicationFilterChain.java:193)
	at org.apache.catalina.core.ApplicationFilterChain.doFilter(ApplicationFilterChain.java:166)
	at org.springframework.web.filter.FormContentFilter.doFilterInternal(FormContentFilter.java:93)
	at org.springframework.web.filter.OncePerRequestFilter.doFilter(OncePerRequestFilter.java:119)
	at org.apache.catalina.core.ApplicationFilterChain.internalDoFilter(ApplicationFilterChain.java:193)
	at org.apache.catalina.core.ApplicationFilterChain.doFilter(ApplicationFilterChain.java:166)
	at org.springframework.web.filter.CharacterEncodingFilter.doFilterInternal(CharacterEncodingFilter.java:201)
	at org.springframework.web.filter.OncePerRequestFilter.doFilter(OncePerRequestFilter.java:119)
	at org.apache.catalina.core.ApplicationFilterChain.internalDoFilter(ApplicationFilterChain.java:193)
	at org.apache.catalina.core.ApplicationFilterChain.doFilter(ApplicationFilterChain.java:166)
	at org.apache.catalina.core.StandardWrapperValve.invoke(StandardWrapperValve.java:202)
	at org.apache.catalina.core.StandardContextValve.invoke(StandardContextValve.java:97)
	at org.apache.catalina.authenticator.AuthenticatorBase.invoke(AuthenticatorBase.java:541)
	at org.apache.catalina.core.StandardHostValve.invoke(StandardHostValve.java:143)
	at org.apache.catalina.valves.ErrorReportValve.invoke(ErrorReportValve.java:92)
	at org.apache.catalina.core.StandardEngineValve.invoke(StandardEngineValve.java:78)
	at org.apache.catalina.connector.CoyoteAdapter.service(CoyoteAdapter.java:343)
	at org.apache.coyote.http11.Http11Processor.service(Http11Processor.java:374)
	at org.apache.coyote.AbstractProcessorLight.process(AbstractProcessorLight.java:65)
	at org.apache.coyote.AbstractProtocol$ConnectionHandler.process(AbstractProtocol.java:868)
	at org.apache.tomcat.util.net.NioEndpoint$SocketProcessor.doRun(NioEndpoint.java:1590)
	at org.apache.tomcat.util.net.SocketProcessorBase.run(SocketProcessorBase.java:49)
	at java.util.concurrent.ThreadPoolExecutor.runWorker(ThreadPoolExecutor.java:1149)
	at java.util.concurrent.ThreadPoolExecutor$Worker.run(ThreadPoolExecutor.java:624)
	at org.apache.tomcat.util.threads.TaskThread$WrappingRunnable.run(TaskThread.java:61)
	at java.lang.Thread.run(Thread.java:748)
